<?xml version="1.0" encoding="UTF-8"?>
<testsuite name="testController.BooksControllerTest" tests="10" skipped="0" failures="0" errors="0" timestamp="2015-10-13T21:20:59" hostname="ramon-Inspiron-5520" time="0.813">
  <properties/>
  <testcase name="testListByAuthor" classname="testController.BooksControllerTest" time="0.645"/>
  <testcase name="testListNotEmpty" classname="testController.BooksControllerTest" time="0.028"/>
  <testcase name="testGetBook" classname="testController.BooksControllerTest" time="0.021"/>
  <testcase name="testUpdateExistBook" classname="testController.BooksControllerTest" time="0.018"/>
  <testcase name="testDeleteNotExistBook" classname="testController.BooksControllerTest" time="0.014"/>
  <testcase name="testUpdateNotExistBook" classname="testController.BooksControllerTest" time="0.018"/>
  <testcase name="testCreateBook" classname="testController.BooksControllerTest" time="0.017"/>
  <testcase name="getListEmptyBooks" classname="testController.BooksControllerTest" time="0.013"/>
  <testcase name="testDeleteBook" classname="testController.BooksControllerTest" time="0.017"/>
  <testcase name="testEmptyListByAuthor" classname="testController.BooksControllerTest" time="0.014"/>
  <system-out><![CDATA[18:20:58.784 [Test worker] DEBUG o.s.t.c.j.SpringJUnit4ClassRunner - SpringJUnit4ClassRunner constructor called with [class testController.BooksControllerTest].
18:20:58.794 [Test worker] DEBUG o.s.test.context.BootstrapUtils - Instantiating TestContextBootstrapper from class [org.springframework.test.context.web.WebTestContextBootstrapper]
18:20:58.809 [Test worker] DEBUG o.s.t.c.w.WebTestContextBootstrapper - Found explicit ContextLoader class [org.springframework.boot.test.SpringApplicationContextLoader] for context configuration attributes [ContextConfigurationAttributes@10c19a1d declaringClass = 'testController.BooksControllerTest', classes = '{class org.springframework.mock.web.MockServletContext}', locations = '{}', inheritLocations = true, initializers = '{}', inheritInitializers = true, name = [null], contextLoaderClass = 'org.springframework.boot.test.SpringApplicationContextLoader']
18:20:58.815 [Test worker] DEBUG o.s.t.c.support.ActiveProfilesUtils - Could not find an 'annotation declaring class' for annotation type [org.springframework.test.context.ActiveProfiles] and class [testController.BooksControllerTest]
18:20:58.818 [Test worker] DEBUG o.s.t.c.w.WebTestContextBootstrapper - @TestExecutionListeners is not present for class [testController.BooksControllerTest]: using defaults.
18:20:58.825 [Test worker] INFO  o.s.t.c.w.WebTestContextBootstrapper - Loaded default TestExecutionListener class names from location [META-INF/spring.factories]: [org.springframework.test.context.web.ServletTestExecutionListener, org.springframework.test.context.support.DependencyInjectionTestExecutionListener, org.springframework.test.context.support.DirtiesContextTestExecutionListener, org.springframework.test.context.transaction.TransactionalTestExecutionListener, org.springframework.test.context.jdbc.SqlScriptsTestExecutionListener]
18:20:58.832 [Test worker] INFO  o.s.t.c.w.WebTestContextBootstrapper - Could not instantiate TestExecutionListener [org.springframework.test.context.jdbc.SqlScriptsTestExecutionListener]. Specify custom listener classes or make the default listener classes (and their required dependencies) available. Offending class: [org/springframework/transaction/interceptor/TransactionAttribute]
18:20:58.832 [Test worker] INFO  o.s.t.c.w.WebTestContextBootstrapper - Could not instantiate TestExecutionListener [org.springframework.test.context.transaction.TransactionalTestExecutionListener]. Specify custom listener classes or make the default listener classes (and their required dependencies) available. Offending class: [org/springframework/transaction/TransactionDefinition]
18:20:58.833 [Test worker] INFO  o.s.t.c.w.WebTestContextBootstrapper - Using TestExecutionListeners: [org.springframework.test.context.web.ServletTestExecutionListener@58d4cc8, org.springframework.test.context.support.DependencyInjectionTestExecutionListener@786783f8, org.springframework.test.context.support.DirtiesContextTestExecutionListener@7d23cbc7]
18:20:58.837 [Test worker] DEBUG o.s.t.annotation.ProfileValueUtils - Retrieved @ProfileValueSourceConfiguration [null] for test class [testController.BooksControllerTest]
18:20:58.837 [Test worker] DEBUG o.s.t.annotation.ProfileValueUtils - Retrieved ProfileValueSource type [class org.springframework.test.annotation.SystemProfileValueSource] for class [testController.BooksControllerTest]
18:20:58.838 [Test worker] DEBUG o.s.t.annotation.ProfileValueUtils - Retrieved @ProfileValueSourceConfiguration [null] for test class [testController.BooksControllerTest]
18:20:58.839 [Test worker] DEBUG o.s.t.annotation.ProfileValueUtils - Retrieved ProfileValueSource type [class org.springframework.test.annotation.SystemProfileValueSource] for class [testController.BooksControllerTest]
18:20:58.842 [Test worker] DEBUG o.s.t.annotation.ProfileValueUtils - Retrieved @ProfileValueSourceConfiguration [null] for test class [testController.BooksControllerTest]
18:20:58.842 [Test worker] DEBUG o.s.t.annotation.ProfileValueUtils - Retrieved ProfileValueSource type [class org.springframework.test.annotation.SystemProfileValueSource] for class [testController.BooksControllerTest]
18:20:58.892 [Test worker] DEBUG o.s.core.env.StandardEnvironment - Adding [systemProperties] PropertySource with lowest search precedence
18:20:58.893 [Test worker] DEBUG o.s.core.env.StandardEnvironment - Adding [systemEnvironment] PropertySource with lowest search precedence
18:20:58.894 [Test worker] DEBUG o.s.core.env.StandardEnvironment - Initialized StandardEnvironment with PropertySources [systemProperties,systemEnvironment]
18:20:58.895 [Test worker] DEBUG o.s.core.env.StandardEnvironment - Adding [integrationTest] PropertySource with search precedence immediately lower than [systemEnvironment]

  .   ____          _            __ _ _
 /\\ / ___'_ __ _ _(_)_ __  __ _ \ \ \ \
( ( )\___ | '_ | '_| | '_ \/ _` | \ \ \ \
 \\/  ___)| |_)| | | | | || (_| |  ) ) ) )
  '  |____| .__|_| |_|_| |_\__, | / / / /
 =========|_|==============|___/=/_/_/_/
 :: Spring Boot ::        (v1.2.6.RELEASE)

2015-10-13 18:20:59.048  INFO 15768 --- [    Test worker] testController.BooksControllerTest       : Starting BooksControllerTest on ramon-Inspiron-5520 with PID 15768 (/home/ramon/workspace/SpringRestBooks/build/classes/test started by ramon in /home/ramon/workspace/SpringRestBooks)
2015-10-13 18:20:59.080  INFO 15768 --- [    Test worker] o.s.w.c.s.GenericWebApplicationContext   : Refreshing org.springframework.web.context.support.GenericWebApplicationContext@7c9147d4: startup date [Tue Oct 13 18:20:59 CLT 2015]; root of context hierarchy
2015-10-13 18:20:59.131  INFO 15768 --- [    Test worker] testController.BooksControllerTest       : Started BooksControllerTest in 0.23 seconds (JVM running for 1.058)
2015-10-13 18:20:59.326  INFO 15768 --- [    Test worker] ilder$StaticRequestMappingHandlerMapping : Mapped "{[/SpringRestBooks/get/{idBook}],methods=[GET],produces=[application/json]}" onto public org.springframework.http.ResponseEntity<org.ramon.model.Book> org.ramon.controller.BooksController.getBook(java.lang.String)
2015-10-13 18:20:59.327  INFO 15768 --- [    Test worker] ilder$StaticRequestMappingHandlerMapping : Mapped "{[/SpringRestBooks/listbyauthor/{authorName}],methods=[GET],produces=[application/json]}" onto public java.util.List<org.ramon.model.Book> org.ramon.controller.BooksController.getListByAuthor(java.lang.String)
2015-10-13 18:20:59.327  INFO 15768 --- [    Test worker] ilder$StaticRequestMappingHandlerMapping : Mapped "{[/SpringRestBooks/list],methods=[GET],produces=[application/json]}" onto public java.util.List<org.ramon.model.Book> org.ramon.controller.BooksController.getAllBooks()
2015-10-13 18:20:59.327  INFO 15768 --- [    Test worker] ilder$StaticRequestMappingHandlerMapping : Mapped "{[/SpringRestBooks/delete/{idBook}],methods=[DELETE],produces=[application/json]}" onto public org.springframework.http.ResponseEntity<org.ramon.model.Book> org.ramon.controller.BooksController.deleteBook(java.lang.String)
2015-10-13 18:20:59.327  INFO 15768 --- [    Test worker] ilder$StaticRequestMappingHandlerMapping : Mapped "{[/SpringRestBooks/create],methods=[POST],consumes=[application/json],produces=[application/json]}" onto public org.springframework.http.ResponseEntity<org.ramon.model.Book> org.ramon.controller.BooksController.createBook(org.ramon.model.Book)
2015-10-13 18:20:59.327  INFO 15768 --- [    Test worker] ilder$StaticRequestMappingHandlerMapping : Mapped "{[/SpringRestBooks/update],methods=[PUT],consumes=[application/json],produces=[application/json]}" onto public org.springframework.http.ResponseEntity<org.ramon.model.Book> org.ramon.controller.BooksController.updateComputer(org.ramon.model.Book)
2015-10-13 18:20:59.328  INFO 15768 --- [    Test worker] ilder$StaticRequestMappingHandlerMapping : Mapped "{[/SpringRestBooks/]}" onto public java.lang.String org.ramon.controller.BooksController.index()
2015-10-13 18:20:59.575  INFO 15768 --- [    Test worker] s.w.s.m.m.a.RequestMappingHandlerAdapter : Looking for @ControllerAdvice: org.springframework.test.web.servlet.setup.StubWebApplicationContext@5c3c938a
2015-10-13 18:20:59.611  INFO 15768 --- [    Test worker] o.s.mock.web.MockServletContext          : Initializing Spring FrameworkServlet ''
2015-10-13 18:20:59.611  INFO 15768 --- [    Test worker] o.s.t.web.servlet.TestDispatcherServlet  : FrameworkServlet '': initialization started
2015-10-13 18:20:59.612  INFO 15768 --- [    Test worker] o.s.t.web.servlet.TestDispatcherServlet  : FrameworkServlet '': initialization completed in 1 ms
2015-10-13 18:20:59.796  INFO 15768 --- [    Test worker] ilder$StaticRequestMappingHandlerMapping : Mapped "{[/SpringRestBooks/get/{idBook}],methods=[GET],produces=[application/json]}" onto public org.springframework.http.ResponseEntity<org.ramon.model.Book> org.ramon.controller.BooksController.getBook(java.lang.String)
2015-10-13 18:20:59.797  INFO 15768 --- [    Test worker] ilder$StaticRequestMappingHandlerMapping : Mapped "{[/SpringRestBooks/listbyauthor/{authorName}],methods=[GET],produces=[application/json]}" onto public java.util.List<org.ramon.model.Book> org.ramon.controller.BooksController.getListByAuthor(java.lang.String)
2015-10-13 18:20:59.797  INFO 15768 --- [    Test worker] ilder$StaticRequestMappingHandlerMapping : Mapped "{[/SpringRestBooks/list],methods=[GET],produces=[application/json]}" onto public java.util.List<org.ramon.model.Book> org.ramon.controller.BooksController.getAllBooks()
2015-10-13 18:20:59.797  INFO 15768 --- [    Test worker] ilder$StaticRequestMappingHandlerMapping : Mapped "{[/SpringRestBooks/delete/{idBook}],methods=[DELETE],produces=[application/json]}" onto public org.springframework.http.ResponseEntity<org.ramon.model.Book> org.ramon.controller.BooksController.deleteBook(java.lang.String)
2015-10-13 18:20:59.797  INFO 15768 --- [    Test worker] ilder$StaticRequestMappingHandlerMapping : Mapped "{[/SpringRestBooks/create],methods=[POST],consumes=[application/json],produces=[application/json]}" onto public org.springframework.http.ResponseEntity<org.ramon.model.Book> org.ramon.controller.BooksController.createBook(org.ramon.model.Book)
2015-10-13 18:20:59.798  INFO 15768 --- [    Test worker] ilder$StaticRequestMappingHandlerMapping : Mapped "{[/SpringRestBooks/update],methods=[PUT],consumes=[application/json],produces=[application/json]}" onto public org.springframework.http.ResponseEntity<org.ramon.model.Book> org.ramon.controller.BooksController.updateComputer(org.ramon.model.Book)
2015-10-13 18:20:59.798  INFO 15768 --- [    Test worker] ilder$StaticRequestMappingHandlerMapping : Mapped "{[/SpringRestBooks/]}" onto public java.lang.String org.ramon.controller.BooksController.index()
2015-10-13 18:20:59.809  INFO 15768 --- [    Test worker] s.w.s.m.m.a.RequestMappingHandlerAdapter : Looking for @ControllerAdvice: org.springframework.test.web.servlet.setup.StubWebApplicationContext@5cb9cb2d
2015-10-13 18:20:59.812  INFO 15768 --- [    Test worker] o.s.mock.web.MockServletContext          : Initializing Spring FrameworkServlet ''
2015-10-13 18:20:59.813  INFO 15768 --- [    Test worker] o.s.t.web.servlet.TestDispatcherServlet  : FrameworkServlet '': initialization started
2015-10-13 18:20:59.813  INFO 15768 --- [    Test worker] o.s.t.web.servlet.TestDispatcherServlet  : FrameworkServlet '': initialization completed in 0 ms
2015-10-13 18:20:59.823  INFO 15768 --- [    Test worker] ilder$StaticRequestMappingHandlerMapping : Mapped "{[/SpringRestBooks/get/{idBook}],methods=[GET],produces=[application/json]}" onto public org.springframework.http.ResponseEntity<org.ramon.model.Book> org.ramon.controller.BooksController.getBook(java.lang.String)
2015-10-13 18:20:59.823  INFO 15768 --- [    Test worker] ilder$StaticRequestMappingHandlerMapping : Mapped "{[/SpringRestBooks/listbyauthor/{authorName}],methods=[GET],produces=[application/json]}" onto public java.util.List<org.ramon.model.Book> org.ramon.controller.BooksController.getListByAuthor(java.lang.String)
2015-10-13 18:20:59.823  INFO 15768 --- [    Test worker] ilder$StaticRequestMappingHandlerMapping : Mapped "{[/SpringRestBooks/list],methods=[GET],produces=[application/json]}" onto public java.util.List<org.ramon.model.Book> org.ramon.controller.BooksController.getAllBooks()
2015-10-13 18:20:59.823  INFO 15768 --- [    Test worker] ilder$StaticRequestMappingHandlerMapping : Mapped "{[/SpringRestBooks/delete/{idBook}],methods=[DELETE],produces=[application/json]}" onto public org.springframework.http.ResponseEntity<org.ramon.model.Book> org.ramon.controller.BooksController.deleteBook(java.lang.String)
2015-10-13 18:20:59.824  INFO 15768 --- [    Test worker] ilder$StaticRequestMappingHandlerMapping : Mapped "{[/SpringRestBooks/create],methods=[POST],consumes=[application/json],produces=[application/json]}" onto public org.springframework.http.ResponseEntity<org.ramon.model.Book> org.ramon.controller.BooksController.createBook(org.ramon.model.Book)
2015-10-13 18:20:59.824  INFO 15768 --- [    Test worker] ilder$StaticRequestMappingHandlerMapping : Mapped "{[/SpringRestBooks/update],methods=[PUT],consumes=[application/json],produces=[application/json]}" onto public org.springframework.http.ResponseEntity<org.ramon.model.Book> org.ramon.controller.BooksController.updateComputer(org.ramon.model.Book)
2015-10-13 18:20:59.824  INFO 15768 --- [    Test worker] ilder$StaticRequestMappingHandlerMapping : Mapped "{[/SpringRestBooks/]}" onto public java.lang.String org.ramon.controller.BooksController.index()
2015-10-13 18:20:59.831  INFO 15768 --- [    Test worker] s.w.s.m.m.a.RequestMappingHandlerAdapter : Looking for @ControllerAdvice: org.springframework.test.web.servlet.setup.StubWebApplicationContext@447c4615
2015-10-13 18:20:59.834  INFO 15768 --- [    Test worker] o.s.mock.web.MockServletContext          : Initializing Spring FrameworkServlet ''
2015-10-13 18:20:59.834  INFO 15768 --- [    Test worker] o.s.t.web.servlet.TestDispatcherServlet  : FrameworkServlet '': initialization started
2015-10-13 18:20:59.834  INFO 15768 --- [    Test worker] o.s.t.web.servlet.TestDispatcherServlet  : FrameworkServlet '': initialization completed in 0 ms
2015-10-13 18:20:59.844  INFO 15768 --- [    Test worker] ilder$StaticRequestMappingHandlerMapping : Mapped "{[/SpringRestBooks/get/{idBook}],methods=[GET],produces=[application/json]}" onto public org.springframework.http.ResponseEntity<org.ramon.model.Book> org.ramon.controller.BooksController.getBook(java.lang.String)
2015-10-13 18:20:59.845  INFO 15768 --- [    Test worker] ilder$StaticRequestMappingHandlerMapping : Mapped "{[/SpringRestBooks/listbyauthor/{authorName}],methods=[GET],produces=[application/json]}" onto public java.util.List<org.ramon.model.Book> org.ramon.controller.BooksController.getListByAuthor(java.lang.String)
2015-10-13 18:20:59.845  INFO 15768 --- [    Test worker] ilder$StaticRequestMappingHandlerMapping : Mapped "{[/SpringRestBooks/list],methods=[GET],produces=[application/json]}" onto public java.util.List<org.ramon.model.Book> org.ramon.controller.BooksController.getAllBooks()
2015-10-13 18:20:59.845  INFO 15768 --- [    Test worker] ilder$StaticRequestMappingHandlerMapping : Mapped "{[/SpringRestBooks/delete/{idBook}],methods=[DELETE],produces=[application/json]}" onto public org.springframework.http.ResponseEntity<org.ramon.model.Book> org.ramon.controller.BooksController.deleteBook(java.lang.String)
2015-10-13 18:20:59.845  INFO 15768 --- [    Test worker] ilder$StaticRequestMappingHandlerMapping : Mapped "{[/SpringRestBooks/create],methods=[POST],consumes=[application/json],produces=[application/json]}" onto public org.springframework.http.ResponseEntity<org.ramon.model.Book> org.ramon.controller.BooksController.createBook(org.ramon.model.Book)
2015-10-13 18:20:59.845  INFO 15768 --- [    Test worker] ilder$StaticRequestMappingHandlerMapping : Mapped "{[/SpringRestBooks/update],methods=[PUT],consumes=[application/json],produces=[application/json]}" onto public org.springframework.http.ResponseEntity<org.ramon.model.Book> org.ramon.controller.BooksController.updateComputer(org.ramon.model.Book)
2015-10-13 18:20:59.845  INFO 15768 --- [    Test worker] ilder$StaticRequestMappingHandlerMapping : Mapped "{[/SpringRestBooks/]}" onto public java.lang.String org.ramon.controller.BooksController.index()
2015-10-13 18:20:59.851  INFO 15768 --- [    Test worker] s.w.s.m.m.a.RequestMappingHandlerAdapter : Looking for @ControllerAdvice: org.springframework.test.web.servlet.setup.StubWebApplicationContext@5ac09c5a
2015-10-13 18:20:59.854  INFO 15768 --- [    Test worker] o.s.mock.web.MockServletContext          : Initializing Spring FrameworkServlet ''
2015-10-13 18:20:59.854  INFO 15768 --- [    Test worker] o.s.t.web.servlet.TestDispatcherServlet  : FrameworkServlet '': initialization started
2015-10-13 18:20:59.855  INFO 15768 --- [    Test worker] o.s.t.web.servlet.TestDispatcherServlet  : FrameworkServlet '': initialization completed in 0 ms
2015-10-13 18:20:59.863  INFO 15768 --- [    Test worker] ilder$StaticRequestMappingHandlerMapping : Mapped "{[/SpringRestBooks/get/{idBook}],methods=[GET],produces=[application/json]}" onto public org.springframework.http.ResponseEntity<org.ramon.model.Book> org.ramon.controller.BooksController.getBook(java.lang.String)
2015-10-13 18:20:59.863  INFO 15768 --- [    Test worker] ilder$StaticRequestMappingHandlerMapping : Mapped "{[/SpringRestBooks/listbyauthor/{authorName}],methods=[GET],produces=[application/json]}" onto public java.util.List<org.ramon.model.Book> org.ramon.controller.BooksController.getListByAuthor(java.lang.String)
2015-10-13 18:20:59.864  INFO 15768 --- [    Test worker] ilder$StaticRequestMappingHandlerMapping : Mapped "{[/SpringRestBooks/list],methods=[GET],produces=[application/json]}" onto public java.util.List<org.ramon.model.Book> org.ramon.controller.BooksController.getAllBooks()
2015-10-13 18:20:59.864  INFO 15768 --- [    Test worker] ilder$StaticRequestMappingHandlerMapping : Mapped "{[/SpringRestBooks/delete/{idBook}],methods=[DELETE],produces=[application/json]}" onto public org.springframework.http.ResponseEntity<org.ramon.model.Book> org.ramon.controller.BooksController.deleteBook(java.lang.String)
2015-10-13 18:20:59.864  INFO 15768 --- [    Test worker] ilder$StaticRequestMappingHandlerMapping : Mapped "{[/SpringRestBooks/create],methods=[POST],consumes=[application/json],produces=[application/json]}" onto public org.springframework.http.ResponseEntity<org.ramon.model.Book> org.ramon.controller.BooksController.createBook(org.ramon.model.Book)
2015-10-13 18:20:59.864  INFO 15768 --- [    Test worker] ilder$StaticRequestMappingHandlerMapping : Mapped "{[/SpringRestBooks/update],methods=[PUT],consumes=[application/json],produces=[application/json]}" onto public org.springframework.http.ResponseEntity<org.ramon.model.Book> org.ramon.controller.BooksController.updateComputer(org.ramon.model.Book)
2015-10-13 18:20:59.864  INFO 15768 --- [    Test worker] ilder$StaticRequestMappingHandlerMapping : Mapped "{[/SpringRestBooks/]}" onto public java.lang.String org.ramon.controller.BooksController.index()
2015-10-13 18:20:59.870  INFO 15768 --- [    Test worker] s.w.s.m.m.a.RequestMappingHandlerAdapter : Looking for @ControllerAdvice: org.springframework.test.web.servlet.setup.StubWebApplicationContext@7a40b1c1
2015-10-13 18:20:59.872  INFO 15768 --- [    Test worker] o.s.mock.web.MockServletContext          : Initializing Spring FrameworkServlet ''
2015-10-13 18:20:59.873  INFO 15768 --- [    Test worker] o.s.t.web.servlet.TestDispatcherServlet  : FrameworkServlet '': initialization started
2015-10-13 18:20:59.873  INFO 15768 --- [    Test worker] o.s.t.web.servlet.TestDispatcherServlet  : FrameworkServlet '': initialization completed in 0 ms
2015-10-13 18:20:59.878  INFO 15768 --- [    Test worker] ilder$StaticRequestMappingHandlerMapping : Mapped "{[/SpringRestBooks/get/{idBook}],methods=[GET],produces=[application/json]}" onto public org.springframework.http.ResponseEntity<org.ramon.model.Book> org.ramon.controller.BooksController.getBook(java.lang.String)
2015-10-13 18:20:59.878  INFO 15768 --- [    Test worker] ilder$StaticRequestMappingHandlerMapping : Mapped "{[/SpringRestBooks/listbyauthor/{authorName}],methods=[GET],produces=[application/json]}" onto public java.util.List<org.ramon.model.Book> org.ramon.controller.BooksController.getListByAuthor(java.lang.String)
2015-10-13 18:20:59.878  INFO 15768 --- [    Test worker] ilder$StaticRequestMappingHandlerMapping : Mapped "{[/SpringRestBooks/list],methods=[GET],produces=[application/json]}" onto public java.util.List<org.ramon.model.Book> org.ramon.controller.BooksController.getAllBooks()
2015-10-13 18:20:59.878  INFO 15768 --- [    Test worker] ilder$StaticRequestMappingHandlerMapping : Mapped "{[/SpringRestBooks/delete/{idBook}],methods=[DELETE],produces=[application/json]}" onto public org.springframework.http.ResponseEntity<org.ramon.model.Book> org.ramon.controller.BooksController.deleteBook(java.lang.String)
2015-10-13 18:20:59.879  INFO 15768 --- [    Test worker] ilder$StaticRequestMappingHandlerMapping : Mapped "{[/SpringRestBooks/create],methods=[POST],consumes=[application/json],produces=[application/json]}" onto public org.springframework.http.ResponseEntity<org.ramon.model.Book> org.ramon.controller.BooksController.createBook(org.ramon.model.Book)
2015-10-13 18:20:59.879  INFO 15768 --- [    Test worker] ilder$StaticRequestMappingHandlerMapping : Mapped "{[/SpringRestBooks/update],methods=[PUT],consumes=[application/json],produces=[application/json]}" onto public org.springframework.http.ResponseEntity<org.ramon.model.Book> org.ramon.controller.BooksController.updateComputer(org.ramon.model.Book)
2015-10-13 18:20:59.879  INFO 15768 --- [    Test worker] ilder$StaticRequestMappingHandlerMapping : Mapped "{[/SpringRestBooks/]}" onto public java.lang.String org.ramon.controller.BooksController.index()
2015-10-13 18:20:59.886  INFO 15768 --- [    Test worker] s.w.s.m.m.a.RequestMappingHandlerAdapter : Looking for @ControllerAdvice: org.springframework.test.web.servlet.setup.StubWebApplicationContext@6ef9bf3
2015-10-13 18:20:59.889  INFO 15768 --- [    Test worker] o.s.mock.web.MockServletContext          : Initializing Spring FrameworkServlet ''
2015-10-13 18:20:59.889  INFO 15768 --- [    Test worker] o.s.t.web.servlet.TestDispatcherServlet  : FrameworkServlet '': initialization started
2015-10-13 18:20:59.889  INFO 15768 --- [    Test worker] o.s.t.web.servlet.TestDispatcherServlet  : FrameworkServlet '': initialization completed in 0 ms
2015-10-13 18:20:59.898  INFO 15768 --- [    Test worker] ilder$StaticRequestMappingHandlerMapping : Mapped "{[/SpringRestBooks/get/{idBook}],methods=[GET],produces=[application/json]}" onto public org.springframework.http.ResponseEntity<org.ramon.model.Book> org.ramon.controller.BooksController.getBook(java.lang.String)
2015-10-13 18:20:59.898  INFO 15768 --- [    Test worker] ilder$StaticRequestMappingHandlerMapping : Mapped "{[/SpringRestBooks/listbyauthor/{authorName}],methods=[GET],produces=[application/json]}" onto public java.util.List<org.ramon.model.Book> org.ramon.controller.BooksController.getListByAuthor(java.lang.String)
2015-10-13 18:20:59.898  INFO 15768 --- [    Test worker] ilder$StaticRequestMappingHandlerMapping : Mapped "{[/SpringRestBooks/list],methods=[GET],produces=[application/json]}" onto public java.util.List<org.ramon.model.Book> org.ramon.controller.BooksController.getAllBooks()
2015-10-13 18:20:59.898  INFO 15768 --- [    Test worker] ilder$StaticRequestMappingHandlerMapping : Mapped "{[/SpringRestBooks/delete/{idBook}],methods=[DELETE],produces=[application/json]}" onto public org.springframework.http.ResponseEntity<org.ramon.model.Book> org.ramon.controller.BooksController.deleteBook(java.lang.String)
2015-10-13 18:20:59.899  INFO 15768 --- [    Test worker] ilder$StaticRequestMappingHandlerMapping : Mapped "{[/SpringRestBooks/create],methods=[POST],consumes=[application/json],produces=[application/json]}" onto public org.springframework.http.ResponseEntity<org.ramon.model.Book> org.ramon.controller.BooksController.createBook(org.ramon.model.Book)
2015-10-13 18:20:59.899  INFO 15768 --- [    Test worker] ilder$StaticRequestMappingHandlerMapping : Mapped "{[/SpringRestBooks/update],methods=[PUT],consumes=[application/json],produces=[application/json]}" onto public org.springframework.http.ResponseEntity<org.ramon.model.Book> org.ramon.controller.BooksController.updateComputer(org.ramon.model.Book)
2015-10-13 18:20:59.899  INFO 15768 --- [    Test worker] ilder$StaticRequestMappingHandlerMapping : Mapped "{[/SpringRestBooks/]}" onto public java.lang.String org.ramon.controller.BooksController.index()
2015-10-13 18:20:59.905  INFO 15768 --- [    Test worker] s.w.s.m.m.a.RequestMappingHandlerAdapter : Looking for @ControllerAdvice: org.springframework.test.web.servlet.setup.StubWebApplicationContext@3bcf6fea
2015-10-13 18:20:59.907  INFO 15768 --- [    Test worker] o.s.mock.web.MockServletContext          : Initializing Spring FrameworkServlet ''
2015-10-13 18:20:59.907  INFO 15768 --- [    Test worker] o.s.t.web.servlet.TestDispatcherServlet  : FrameworkServlet '': initialization started
2015-10-13 18:20:59.908  INFO 15768 --- [    Test worker] o.s.t.web.servlet.TestDispatcherServlet  : FrameworkServlet '': initialization completed in 1 ms
2015-10-13 18:20:59.915  INFO 15768 --- [    Test worker] ilder$StaticRequestMappingHandlerMapping : Mapped "{[/SpringRestBooks/get/{idBook}],methods=[GET],produces=[application/json]}" onto public org.springframework.http.ResponseEntity<org.ramon.model.Book> org.ramon.controller.BooksController.getBook(java.lang.String)
2015-10-13 18:20:59.915  INFO 15768 --- [    Test worker] ilder$StaticRequestMappingHandlerMapping : Mapped "{[/SpringRestBooks/listbyauthor/{authorName}],methods=[GET],produces=[application/json]}" onto public java.util.List<org.ramon.model.Book> org.ramon.controller.BooksController.getListByAuthor(java.lang.String)
2015-10-13 18:20:59.915  INFO 15768 --- [    Test worker] ilder$StaticRequestMappingHandlerMapping : Mapped "{[/SpringRestBooks/list],methods=[GET],produces=[application/json]}" onto public java.util.List<org.ramon.model.Book> org.ramon.controller.BooksController.getAllBooks()
2015-10-13 18:20:59.916  INFO 15768 --- [    Test worker] ilder$StaticRequestMappingHandlerMapping : Mapped "{[/SpringRestBooks/delete/{idBook}],methods=[DELETE],produces=[application/json]}" onto public org.springframework.http.ResponseEntity<org.ramon.model.Book> org.ramon.controller.BooksController.deleteBook(java.lang.String)
2015-10-13 18:20:59.916  INFO 15768 --- [    Test worker] ilder$StaticRequestMappingHandlerMapping : Mapped "{[/SpringRestBooks/create],methods=[POST],consumes=[application/json],produces=[application/json]}" onto public org.springframework.http.ResponseEntity<org.ramon.model.Book> org.ramon.controller.BooksController.createBook(org.ramon.model.Book)
2015-10-13 18:20:59.916  INFO 15768 --- [    Test worker] ilder$StaticRequestMappingHandlerMapping : Mapped "{[/SpringRestBooks/update],methods=[PUT],consumes=[application/json],produces=[application/json]}" onto public org.springframework.http.ResponseEntity<org.ramon.model.Book> org.ramon.controller.BooksController.updateComputer(org.ramon.model.Book)
2015-10-13 18:20:59.916  INFO 15768 --- [    Test worker] ilder$StaticRequestMappingHandlerMapping : Mapped "{[/SpringRestBooks/]}" onto public java.lang.String org.ramon.controller.BooksController.index()
2015-10-13 18:20:59.921  INFO 15768 --- [    Test worker] s.w.s.m.m.a.RequestMappingHandlerAdapter : Looking for @ControllerAdvice: org.springframework.test.web.servlet.setup.StubWebApplicationContext@6540aa5a
2015-10-13 18:20:59.924  INFO 15768 --- [    Test worker] o.s.mock.web.MockServletContext          : Initializing Spring FrameworkServlet ''
2015-10-13 18:20:59.924  INFO 15768 --- [    Test worker] o.s.t.web.servlet.TestDispatcherServlet  : FrameworkServlet '': initialization started
2015-10-13 18:20:59.924  INFO 15768 --- [    Test worker] o.s.t.web.servlet.TestDispatcherServlet  : FrameworkServlet '': initialization completed in 0 ms
2015-10-13 18:20:59.929  INFO 15768 --- [    Test worker] ilder$StaticRequestMappingHandlerMapping : Mapped "{[/SpringRestBooks/get/{idBook}],methods=[GET],produces=[application/json]}" onto public org.springframework.http.ResponseEntity<org.ramon.model.Book> org.ramon.controller.BooksController.getBook(java.lang.String)
2015-10-13 18:20:59.929  INFO 15768 --- [    Test worker] ilder$StaticRequestMappingHandlerMapping : Mapped "{[/SpringRestBooks/listbyauthor/{authorName}],methods=[GET],produces=[application/json]}" onto public java.util.List<org.ramon.model.Book> org.ramon.controller.BooksController.getListByAuthor(java.lang.String)
2015-10-13 18:20:59.929  INFO 15768 --- [    Test worker] ilder$StaticRequestMappingHandlerMapping : Mapped "{[/SpringRestBooks/list],methods=[GET],produces=[application/json]}" onto public java.util.List<org.ramon.model.Book> org.ramon.controller.BooksController.getAllBooks()
2015-10-13 18:20:59.929  INFO 15768 --- [    Test worker] ilder$StaticRequestMappingHandlerMapping : Mapped "{[/SpringRestBooks/delete/{idBook}],methods=[DELETE],produces=[application/json]}" onto public org.springframework.http.ResponseEntity<org.ramon.model.Book> org.ramon.controller.BooksController.deleteBook(java.lang.String)
2015-10-13 18:20:59.929  INFO 15768 --- [    Test worker] ilder$StaticRequestMappingHandlerMapping : Mapped "{[/SpringRestBooks/create],methods=[POST],consumes=[application/json],produces=[application/json]}" onto public org.springframework.http.ResponseEntity<org.ramon.model.Book> org.ramon.controller.BooksController.createBook(org.ramon.model.Book)
2015-10-13 18:20:59.930  INFO 15768 --- [    Test worker] ilder$StaticRequestMappingHandlerMapping : Mapped "{[/SpringRestBooks/update],methods=[PUT],consumes=[application/json],produces=[application/json]}" onto public org.springframework.http.ResponseEntity<org.ramon.model.Book> org.ramon.controller.BooksController.updateComputer(org.ramon.model.Book)
2015-10-13 18:20:59.930  INFO 15768 --- [    Test worker] ilder$StaticRequestMappingHandlerMapping : Mapped "{[/SpringRestBooks/]}" onto public java.lang.String org.ramon.controller.BooksController.index()
2015-10-13 18:20:59.935  INFO 15768 --- [    Test worker] s.w.s.m.m.a.RequestMappingHandlerAdapter : Looking for @ControllerAdvice: org.springframework.test.web.servlet.setup.StubWebApplicationContext@4d4766f6
2015-10-13 18:20:59.937  INFO 15768 --- [    Test worker] o.s.mock.web.MockServletContext          : Initializing Spring FrameworkServlet ''
2015-10-13 18:20:59.938  INFO 15768 --- [    Test worker] o.s.t.web.servlet.TestDispatcherServlet  : FrameworkServlet '': initialization started
2015-10-13 18:20:59.938  INFO 15768 --- [    Test worker] o.s.t.web.servlet.TestDispatcherServlet  : FrameworkServlet '': initialization completed in 0 ms
2015-10-13 18:20:59.947  INFO 15768 --- [    Test worker] ilder$StaticRequestMappingHandlerMapping : Mapped "{[/SpringRestBooks/get/{idBook}],methods=[GET],produces=[application/json]}" onto public org.springframework.http.ResponseEntity<org.ramon.model.Book> org.ramon.controller.BooksController.getBook(java.lang.String)
2015-10-13 18:20:59.948  INFO 15768 --- [    Test worker] ilder$StaticRequestMappingHandlerMapping : Mapped "{[/SpringRestBooks/listbyauthor/{authorName}],methods=[GET],produces=[application/json]}" onto public java.util.List<org.ramon.model.Book> org.ramon.controller.BooksController.getListByAuthor(java.lang.String)
2015-10-13 18:20:59.948  INFO 15768 --- [    Test worker] ilder$StaticRequestMappingHandlerMapping : Mapped "{[/SpringRestBooks/list],methods=[GET],produces=[application/json]}" onto public java.util.List<org.ramon.model.Book> org.ramon.controller.BooksController.getAllBooks()
2015-10-13 18:20:59.948  INFO 15768 --- [    Test worker] ilder$StaticRequestMappingHandlerMapping : Mapped "{[/SpringRestBooks/delete/{idBook}],methods=[DELETE],produces=[application/json]}" onto public org.springframework.http.ResponseEntity<org.ramon.model.Book> org.ramon.controller.BooksController.deleteBook(java.lang.String)
2015-10-13 18:20:59.948  INFO 15768 --- [    Test worker] ilder$StaticRequestMappingHandlerMapping : Mapped "{[/SpringRestBooks/create],methods=[POST],consumes=[application/json],produces=[application/json]}" onto public org.springframework.http.ResponseEntity<org.ramon.model.Book> org.ramon.controller.BooksController.createBook(org.ramon.model.Book)
2015-10-13 18:20:59.948  INFO 15768 --- [    Test worker] ilder$StaticRequestMappingHandlerMapping : Mapped "{[/SpringRestBooks/update],methods=[PUT],consumes=[application/json],produces=[application/json]}" onto public org.springframework.http.ResponseEntity<org.ramon.model.Book> org.ramon.controller.BooksController.updateComputer(org.ramon.model.Book)
2015-10-13 18:20:59.948  INFO 15768 --- [    Test worker] ilder$StaticRequestMappingHandlerMapping : Mapped "{[/SpringRestBooks/]}" onto public java.lang.String org.ramon.controller.BooksController.index()
2015-10-13 18:20:59.954  INFO 15768 --- [    Test worker] s.w.s.m.m.a.RequestMappingHandlerAdapter : Looking for @ControllerAdvice: org.springframework.test.web.servlet.setup.StubWebApplicationContext@23ac3a15
2015-10-13 18:20:59.956  INFO 15768 --- [    Test worker] o.s.mock.web.MockServletContext          : Initializing Spring FrameworkServlet ''
2015-10-13 18:20:59.956  INFO 15768 --- [    Test worker] o.s.t.web.servlet.TestDispatcherServlet  : FrameworkServlet '': initialization started
2015-10-13 18:20:59.956  INFO 15768 --- [    Test worker] o.s.t.web.servlet.TestDispatcherServlet  : FrameworkServlet '': initialization completed in 0 ms
]]></system-out>
  <system-err><![CDATA[]]></system-err>
</testsuite>
