<?xml version="1.0" encoding="UTF-8"?>
<testsuite name="testController.testBookController" tests="10" skipped="0" failures="0" errors="0" timestamp="2015-10-19T22:27:44" hostname="ramon-Inspiron-5520" time="2.163">
  <properties/>
  <testcase name="testGetAllBooks" classname="testController.testBookController" time="0.964"/>
  <testcase name="testUpdateBook" classname="testController.testBookController" time="0.805"/>
  <testcase name="testGetListByAuthor" classname="testController.testBookController" time="0.037"/>
  <testcase name="testFailCreateBook" classname="testController.testBookController" time="0.036"/>
  <testcase name="testGetBook" classname="testController.testBookController" time="0.085"/>
  <testcase name="testFailDeleteBook" classname="testController.testBookController" time="0.033"/>
  <testcase name="testCreateBook" classname="testController.testBookController" time="0.053"/>
  <testcase name="testDeleteBook" classname="testController.testBookController" time="0.084"/>
  <testcase name="testNotFoundBook" classname="testController.testBookController" time="0.029"/>
  <testcase name="testFailUpdateBook" classname="testController.testBookController" time="0.031"/>
  <system-out><![CDATA[2015-10-19 19:27:44.166  INFO 15309 --- [    Test worker] o.s.t.c.web.WebTestContextBootstrapper   : Loaded default TestExecutionListener class names from location [META-INF/spring.factories]: [org.springframework.test.context.web.ServletTestExecutionListener, org.springframework.test.context.support.DirtiesContextBeforeModesTestExecutionListener, org.springframework.test.context.support.DependencyInjectionTestExecutionListener, org.springframework.test.context.support.DirtiesContextTestExecutionListener, org.springframework.test.context.transaction.TransactionalTestExecutionListener, org.springframework.test.context.jdbc.SqlScriptsTestExecutionListener]
2015-10-19 19:27:44.167  INFO 15309 --- [    Test worker] o.s.t.c.web.WebTestContextBootstrapper   : Could not instantiate TestExecutionListener [org.springframework.test.context.transaction.TransactionalTestExecutionListener]. Specify custom listener classes or make the default listener classes (and their required dependencies) available. Offending class: [org/springframework/transaction/TransactionDefinition]
2015-10-19 19:27:44.168  INFO 15309 --- [    Test worker] o.s.t.c.web.WebTestContextBootstrapper   : Could not instantiate TestExecutionListener [org.springframework.test.context.jdbc.SqlScriptsTestExecutionListener]. Specify custom listener classes or make the default listener classes (and their required dependencies) available. Offending class: [org/springframework/transaction/interceptor/TransactionAttribute]
2015-10-19 19:27:44.168  INFO 15309 --- [    Test worker] o.s.t.c.web.WebTestContextBootstrapper   : Using TestExecutionListeners: [org.springframework.test.context.web.ServletTestExecutionListener@1f9cced0, org.springframework.test.context.support.DirtiesContextBeforeModesTestExecutionListener@7ad777a5, org.springframework.test.context.support.DependencyInjectionTestExecutionListener@7bdbcfda, org.springframework.test.context.support.DirtiesContextTestExecutionListener@872252b]

  .   ____          _            __ _ _
 /\\ / ___'_ __ _ _(_)_ __  __ _ \ \ \ \
( ( )\___ | '_ | '_| | '_ \/ _` | \ \ \ \
 \\/  ___)| |_)| | | | | || (_| |  ) ) ) )
  '  |____| .__|_| |_|_| |_\__, | / / / /
 =========|_|==============|___/=/_/_/_/
 :: Spring Boot ::        (v1.2.6.RELEASE)

2015-10-19 19:27:44.212  INFO 15309 --- [    Test worker] testController.testBookController        : Starting testBookController on ramon-Inspiron-5520 with PID 15309 (/home/ramon/workspace/SpringRestBooks/build/classes/test started by ramon in /home/ramon/workspace/SpringRestBooks)
2015-10-19 19:27:44.214  INFO 15309 --- [    Test worker] o.s.w.c.s.GenericWebApplicationContext   : Refreshing org.springframework.web.context.support.GenericWebApplicationContext@5ef7316d: startup date [Mon Oct 19 19:27:44 CLT 2015]; root of context hierarchy
2015-10-19 19:27:44.237  INFO 15309 --- [    Test worker] testController.testBookController        : Started testBookController in 0.059 seconds (JVM running for 1.426)
2015-10-19 19:27:44.521  INFO 15309 --- [    Test worker] ilder$StaticRequestMappingHandlerMapping : Mapped "{[/SpringRestBooks/get/{idBook}],methods=[GET],produces=[application/json]}" onto public org.springframework.http.ResponseEntity<org.ramon.model.Book> org.ramon.controller.BooksController.getBook(java.lang.String)
2015-10-19 19:27:44.526  INFO 15309 --- [    Test worker] ilder$StaticRequestMappingHandlerMapping : Mapped "{[/SpringRestBooks/delete/{idBook}],methods=[DELETE],produces=[application/json]}" onto public org.springframework.http.ResponseEntity<org.ramon.model.Book> org.ramon.controller.BooksController.deleteBook(java.lang.String)
2015-10-19 19:27:44.526  INFO 15309 --- [    Test worker] ilder$StaticRequestMappingHandlerMapping : Mapped "{[/SpringRestBooks/list],methods=[GET],produces=[application/json]}" onto public java.util.List<org.ramon.model.Book> org.ramon.controller.BooksController.getAllBooks()
2015-10-19 19:27:44.526  INFO 15309 --- [    Test worker] ilder$StaticRequestMappingHandlerMapping : Mapped "{[/SpringRestBooks/listbyauthor/{authorName}],methods=[GET],produces=[application/json]}" onto public java.util.List<org.ramon.model.Book> org.ramon.controller.BooksController.getListByAuthor(java.lang.String)
2015-10-19 19:27:44.527  INFO 15309 --- [    Test worker] ilder$StaticRequestMappingHandlerMapping : Mapped "{[/SpringRestBooks/create],methods=[POST],consumes=[application/json],produces=[application/json]}" onto public org.springframework.http.ResponseEntity<org.ramon.model.Book> org.ramon.controller.BooksController.createBook(org.ramon.model.Book)
2015-10-19 19:27:44.527  INFO 15309 --- [    Test worker] ilder$StaticRequestMappingHandlerMapping : Mapped "{[/SpringRestBooks/update],methods=[PUT],consumes=[application/json],produces=[application/json]}" onto public org.springframework.http.ResponseEntity<org.ramon.model.Book> org.ramon.controller.BooksController.updateComputer(org.ramon.model.Book)
2015-10-19 19:27:44.845  INFO 15309 --- [    Test worker] s.w.s.m.m.a.RequestMappingHandlerAdapter : Looking for @ControllerAdvice: org.springframework.test.web.servlet.setup.StubWebApplicationContext@10534591
2015-10-19 19:27:44.907  INFO 15309 --- [    Test worker] o.s.mock.web.MockServletContext          : Initializing Spring FrameworkServlet ''
2015-10-19 19:27:44.907  INFO 15309 --- [    Test worker] o.s.t.web.servlet.TestDispatcherServlet  : FrameworkServlet '': initialization started
2015-10-19 19:27:44.909  INFO 15309 --- [    Test worker] o.s.t.web.servlet.TestDispatcherServlet  : FrameworkServlet '': initialization completed in 1 ms
2015-10-19 19:27:45.326  INFO 15309 --- [    Test worker] ilder$StaticRequestMappingHandlerMapping : Mapped "{[/SpringRestBooks/get/{idBook}],methods=[GET],produces=[application/json]}" onto public org.springframework.http.ResponseEntity<org.ramon.model.Book> org.ramon.controller.BooksController.getBook(java.lang.String)
2015-10-19 19:27:45.327  INFO 15309 --- [    Test worker] ilder$StaticRequestMappingHandlerMapping : Mapped "{[/SpringRestBooks/delete/{idBook}],methods=[DELETE],produces=[application/json]}" onto public org.springframework.http.ResponseEntity<org.ramon.model.Book> org.ramon.controller.BooksController.deleteBook(java.lang.String)
2015-10-19 19:27:45.328  INFO 15309 --- [    Test worker] ilder$StaticRequestMappingHandlerMapping : Mapped "{[/SpringRestBooks/list],methods=[GET],produces=[application/json]}" onto public java.util.List<org.ramon.model.Book> org.ramon.controller.BooksController.getAllBooks()
2015-10-19 19:27:45.328  INFO 15309 --- [    Test worker] ilder$StaticRequestMappingHandlerMapping : Mapped "{[/SpringRestBooks/listbyauthor/{authorName}],methods=[GET],produces=[application/json]}" onto public java.util.List<org.ramon.model.Book> org.ramon.controller.BooksController.getListByAuthor(java.lang.String)
2015-10-19 19:27:45.328  INFO 15309 --- [    Test worker] ilder$StaticRequestMappingHandlerMapping : Mapped "{[/SpringRestBooks/create],methods=[POST],consumes=[application/json],produces=[application/json]}" onto public org.springframework.http.ResponseEntity<org.ramon.model.Book> org.ramon.controller.BooksController.createBook(org.ramon.model.Book)
2015-10-19 19:27:45.329  INFO 15309 --- [    Test worker] ilder$StaticRequestMappingHandlerMapping : Mapped "{[/SpringRestBooks/update],methods=[PUT],consumes=[application/json],produces=[application/json]}" onto public org.springframework.http.ResponseEntity<org.ramon.model.Book> org.ramon.controller.BooksController.updateComputer(org.ramon.model.Book)
2015-10-19 19:27:45.341  INFO 15309 --- [    Test worker] s.w.s.m.m.a.RequestMappingHandlerAdapter : Looking for @ControllerAdvice: org.springframework.test.web.servlet.setup.StubWebApplicationContext@6b30cb76
2015-10-19 19:27:45.345  INFO 15309 --- [    Test worker] o.s.mock.web.MockServletContext          : Initializing Spring FrameworkServlet ''
2015-10-19 19:27:45.346  INFO 15309 --- [    Test worker] o.s.t.web.servlet.TestDispatcherServlet  : FrameworkServlet '': initialization started
2015-10-19 19:27:45.346  INFO 15309 --- [    Test worker] o.s.t.web.servlet.TestDispatcherServlet  : FrameworkServlet '': initialization completed in 0 ms
2015-10-19 19:27:46.031  INFO 15309 --- [    Test worker] ilder$StaticRequestMappingHandlerMapping : Mapped "{[/SpringRestBooks/get/{idBook}],methods=[GET],produces=[application/json]}" onto public org.springframework.http.ResponseEntity<org.ramon.model.Book> org.ramon.controller.BooksController.getBook(java.lang.String)
2015-10-19 19:27:46.032  INFO 15309 --- [    Test worker] ilder$StaticRequestMappingHandlerMapping : Mapped "{[/SpringRestBooks/delete/{idBook}],methods=[DELETE],produces=[application/json]}" onto public org.springframework.http.ResponseEntity<org.ramon.model.Book> org.ramon.controller.BooksController.deleteBook(java.lang.String)
2015-10-19 19:27:46.032  INFO 15309 --- [    Test worker] ilder$StaticRequestMappingHandlerMapping : Mapped "{[/SpringRestBooks/list],methods=[GET],produces=[application/json]}" onto public java.util.List<org.ramon.model.Book> org.ramon.controller.BooksController.getAllBooks()
2015-10-19 19:27:46.033  INFO 15309 --- [    Test worker] ilder$StaticRequestMappingHandlerMapping : Mapped "{[/SpringRestBooks/listbyauthor/{authorName}],methods=[GET],produces=[application/json]}" onto public java.util.List<org.ramon.model.Book> org.ramon.controller.BooksController.getListByAuthor(java.lang.String)
2015-10-19 19:27:46.033  INFO 15309 --- [    Test worker] ilder$StaticRequestMappingHandlerMapping : Mapped "{[/SpringRestBooks/create],methods=[POST],consumes=[application/json],produces=[application/json]}" onto public org.springframework.http.ResponseEntity<org.ramon.model.Book> org.ramon.controller.BooksController.createBook(org.ramon.model.Book)
2015-10-19 19:27:46.033  INFO 15309 --- [    Test worker] ilder$StaticRequestMappingHandlerMapping : Mapped "{[/SpringRestBooks/update],methods=[PUT],consumes=[application/json],produces=[application/json]}" onto public org.springframework.http.ResponseEntity<org.ramon.model.Book> org.ramon.controller.BooksController.updateComputer(org.ramon.model.Book)
2015-10-19 19:27:46.045  INFO 15309 --- [    Test worker] s.w.s.m.m.a.RequestMappingHandlerAdapter : Looking for @ControllerAdvice: org.springframework.test.web.servlet.setup.StubWebApplicationContext@7232e7f1
2015-10-19 19:27:46.049  INFO 15309 --- [    Test worker] o.s.mock.web.MockServletContext          : Initializing Spring FrameworkServlet ''
2015-10-19 19:27:46.049  INFO 15309 --- [    Test worker] o.s.t.web.servlet.TestDispatcherServlet  : FrameworkServlet '': initialization started
2015-10-19 19:27:46.050  INFO 15309 --- [    Test worker] o.s.t.web.servlet.TestDispatcherServlet  : FrameworkServlet '': initialization completed in 0 ms
2015-10-19 19:27:46.070  INFO 15309 --- [    Test worker] ilder$StaticRequestMappingHandlerMapping : Mapped "{[/SpringRestBooks/get/{idBook}],methods=[GET],produces=[application/json]}" onto public org.springframework.http.ResponseEntity<org.ramon.model.Book> org.ramon.controller.BooksController.getBook(java.lang.String)
2015-10-19 19:27:46.071  INFO 15309 --- [    Test worker] ilder$StaticRequestMappingHandlerMapping : Mapped "{[/SpringRestBooks/delete/{idBook}],methods=[DELETE],produces=[application/json]}" onto public org.springframework.http.ResponseEntity<org.ramon.model.Book> org.ramon.controller.BooksController.deleteBook(java.lang.String)
2015-10-19 19:27:46.071  INFO 15309 --- [    Test worker] ilder$StaticRequestMappingHandlerMapping : Mapped "{[/SpringRestBooks/list],methods=[GET],produces=[application/json]}" onto public java.util.List<org.ramon.model.Book> org.ramon.controller.BooksController.getAllBooks()
2015-10-19 19:27:46.071  INFO 15309 --- [    Test worker] ilder$StaticRequestMappingHandlerMapping : Mapped "{[/SpringRestBooks/listbyauthor/{authorName}],methods=[GET],produces=[application/json]}" onto public java.util.List<org.ramon.model.Book> org.ramon.controller.BooksController.getListByAuthor(java.lang.String)
2015-10-19 19:27:46.072  INFO 15309 --- [    Test worker] ilder$StaticRequestMappingHandlerMapping : Mapped "{[/SpringRestBooks/create],methods=[POST],consumes=[application/json],produces=[application/json]}" onto public org.springframework.http.ResponseEntity<org.ramon.model.Book> org.ramon.controller.BooksController.createBook(org.ramon.model.Book)
2015-10-19 19:27:46.072  INFO 15309 --- [    Test worker] ilder$StaticRequestMappingHandlerMapping : Mapped "{[/SpringRestBooks/update],methods=[PUT],consumes=[application/json],produces=[application/json]}" onto public org.springframework.http.ResponseEntity<org.ramon.model.Book> org.ramon.controller.BooksController.updateComputer(org.ramon.model.Book)
2015-10-19 19:27:46.084  INFO 15309 --- [    Test worker] s.w.s.m.m.a.RequestMappingHandlerAdapter : Looking for @ControllerAdvice: org.springframework.test.web.servlet.setup.StubWebApplicationContext@4919de0b
2015-10-19 19:27:46.088  INFO 15309 --- [    Test worker] o.s.mock.web.MockServletContext          : Initializing Spring FrameworkServlet ''
2015-10-19 19:27:46.088  INFO 15309 --- [    Test worker] o.s.t.web.servlet.TestDispatcherServlet  : FrameworkServlet '': initialization started
2015-10-19 19:27:46.089  INFO 15309 --- [    Test worker] o.s.t.web.servlet.TestDispatcherServlet  : FrameworkServlet '': initialization completed in 1 ms
2015-10-19 19:27:46.105  INFO 15309 --- [    Test worker] ilder$StaticRequestMappingHandlerMapping : Mapped "{[/SpringRestBooks/get/{idBook}],methods=[GET],produces=[application/json]}" onto public org.springframework.http.ResponseEntity<org.ramon.model.Book> org.ramon.controller.BooksController.getBook(java.lang.String)
2015-10-19 19:27:46.105  INFO 15309 --- [    Test worker] ilder$StaticRequestMappingHandlerMapping : Mapped "{[/SpringRestBooks/delete/{idBook}],methods=[DELETE],produces=[application/json]}" onto public org.springframework.http.ResponseEntity<org.ramon.model.Book> org.ramon.controller.BooksController.deleteBook(java.lang.String)
2015-10-19 19:27:46.106  INFO 15309 --- [    Test worker] ilder$StaticRequestMappingHandlerMapping : Mapped "{[/SpringRestBooks/list],methods=[GET],produces=[application/json]}" onto public java.util.List<org.ramon.model.Book> org.ramon.controller.BooksController.getAllBooks()
2015-10-19 19:27:46.106  INFO 15309 --- [    Test worker] ilder$StaticRequestMappingHandlerMapping : Mapped "{[/SpringRestBooks/listbyauthor/{authorName}],methods=[GET],produces=[application/json]}" onto public java.util.List<org.ramon.model.Book> org.ramon.controller.BooksController.getListByAuthor(java.lang.String)
2015-10-19 19:27:46.106  INFO 15309 --- [    Test worker] ilder$StaticRequestMappingHandlerMapping : Mapped "{[/SpringRestBooks/create],methods=[POST],consumes=[application/json],produces=[application/json]}" onto public org.springframework.http.ResponseEntity<org.ramon.model.Book> org.ramon.controller.BooksController.createBook(org.ramon.model.Book)
2015-10-19 19:27:46.107  INFO 15309 --- [    Test worker] ilder$StaticRequestMappingHandlerMapping : Mapped "{[/SpringRestBooks/update],methods=[PUT],consumes=[application/json],produces=[application/json]}" onto public org.springframework.http.ResponseEntity<org.ramon.model.Book> org.ramon.controller.BooksController.updateComputer(org.ramon.model.Book)
2015-10-19 19:27:46.119  INFO 15309 --- [    Test worker] s.w.s.m.m.a.RequestMappingHandlerAdapter : Looking for @ControllerAdvice: org.springframework.test.web.servlet.setup.StubWebApplicationContext@68a9ae3b
2015-10-19 19:27:46.124  INFO 15309 --- [    Test worker] o.s.mock.web.MockServletContext          : Initializing Spring FrameworkServlet ''
2015-10-19 19:27:46.124  INFO 15309 --- [    Test worker] o.s.t.web.servlet.TestDispatcherServlet  : FrameworkServlet '': initialization started
2015-10-19 19:27:46.125  INFO 15309 --- [    Test worker] o.s.t.web.servlet.TestDispatcherServlet  : FrameworkServlet '': initialization completed in 1 ms
2015-10-19 19:27:46.190  INFO 15309 --- [    Test worker] ilder$StaticRequestMappingHandlerMapping : Mapped "{[/SpringRestBooks/get/{idBook}],methods=[GET],produces=[application/json]}" onto public org.springframework.http.ResponseEntity<org.ramon.model.Book> org.ramon.controller.BooksController.getBook(java.lang.String)
2015-10-19 19:27:46.190  INFO 15309 --- [    Test worker] ilder$StaticRequestMappingHandlerMapping : Mapped "{[/SpringRestBooks/delete/{idBook}],methods=[DELETE],produces=[application/json]}" onto public org.springframework.http.ResponseEntity<org.ramon.model.Book> org.ramon.controller.BooksController.deleteBook(java.lang.String)
2015-10-19 19:27:46.191  INFO 15309 --- [    Test worker] ilder$StaticRequestMappingHandlerMapping : Mapped "{[/SpringRestBooks/list],methods=[GET],produces=[application/json]}" onto public java.util.List<org.ramon.model.Book> org.ramon.controller.BooksController.getAllBooks()
2015-10-19 19:27:46.191  INFO 15309 --- [    Test worker] ilder$StaticRequestMappingHandlerMapping : Mapped "{[/SpringRestBooks/listbyauthor/{authorName}],methods=[GET],produces=[application/json]}" onto public java.util.List<org.ramon.model.Book> org.ramon.controller.BooksController.getListByAuthor(java.lang.String)
2015-10-19 19:27:46.191  INFO 15309 --- [    Test worker] ilder$StaticRequestMappingHandlerMapping : Mapped "{[/SpringRestBooks/create],methods=[POST],consumes=[application/json],produces=[application/json]}" onto public org.springframework.http.ResponseEntity<org.ramon.model.Book> org.ramon.controller.BooksController.createBook(org.ramon.model.Book)
2015-10-19 19:27:46.192  INFO 15309 --- [    Test worker] ilder$StaticRequestMappingHandlerMapping : Mapped "{[/SpringRestBooks/update],methods=[PUT],consumes=[application/json],produces=[application/json]}" onto public org.springframework.http.ResponseEntity<org.ramon.model.Book> org.ramon.controller.BooksController.updateComputer(org.ramon.model.Book)
2015-10-19 19:27:46.204  INFO 15309 --- [    Test worker] s.w.s.m.m.a.RequestMappingHandlerAdapter : Looking for @ControllerAdvice: org.springframework.test.web.servlet.setup.StubWebApplicationContext@fd98a16
2015-10-19 19:27:46.209  INFO 15309 --- [    Test worker] o.s.mock.web.MockServletContext          : Initializing Spring FrameworkServlet ''
2015-10-19 19:27:46.209  INFO 15309 --- [    Test worker] o.s.t.web.servlet.TestDispatcherServlet  : FrameworkServlet '': initialization started
2015-10-19 19:27:46.210  INFO 15309 --- [    Test worker] o.s.t.web.servlet.TestDispatcherServlet  : FrameworkServlet '': initialization completed in 0 ms
2015-10-19 19:27:46.225  INFO 15309 --- [    Test worker] ilder$StaticRequestMappingHandlerMapping : Mapped "{[/SpringRestBooks/get/{idBook}],methods=[GET],produces=[application/json]}" onto public org.springframework.http.ResponseEntity<org.ramon.model.Book> org.ramon.controller.BooksController.getBook(java.lang.String)
2015-10-19 19:27:46.226  INFO 15309 --- [    Test worker] ilder$StaticRequestMappingHandlerMapping : Mapped "{[/SpringRestBooks/delete/{idBook}],methods=[DELETE],produces=[application/json]}" onto public org.springframework.http.ResponseEntity<org.ramon.model.Book> org.ramon.controller.BooksController.deleteBook(java.lang.String)
2015-10-19 19:27:46.226  INFO 15309 --- [    Test worker] ilder$StaticRequestMappingHandlerMapping : Mapped "{[/SpringRestBooks/list],methods=[GET],produces=[application/json]}" onto public java.util.List<org.ramon.model.Book> org.ramon.controller.BooksController.getAllBooks()
2015-10-19 19:27:46.226  INFO 15309 --- [    Test worker] ilder$StaticRequestMappingHandlerMapping : Mapped "{[/SpringRestBooks/listbyauthor/{authorName}],methods=[GET],produces=[application/json]}" onto public java.util.List<org.ramon.model.Book> org.ramon.controller.BooksController.getListByAuthor(java.lang.String)
2015-10-19 19:27:46.227  INFO 15309 --- [    Test worker] ilder$StaticRequestMappingHandlerMapping : Mapped "{[/SpringRestBooks/create],methods=[POST],consumes=[application/json],produces=[application/json]}" onto public org.springframework.http.ResponseEntity<org.ramon.model.Book> org.ramon.controller.BooksController.createBook(org.ramon.model.Book)
2015-10-19 19:27:46.227  INFO 15309 --- [    Test worker] ilder$StaticRequestMappingHandlerMapping : Mapped "{[/SpringRestBooks/update],methods=[PUT],consumes=[application/json],produces=[application/json]}" onto public org.springframework.http.ResponseEntity<org.ramon.model.Book> org.ramon.controller.BooksController.updateComputer(org.ramon.model.Book)
2015-10-19 19:27:46.256  INFO 15309 --- [    Test worker] s.w.s.m.m.a.RequestMappingHandlerAdapter : Looking for @ControllerAdvice: org.springframework.test.web.servlet.setup.StubWebApplicationContext@26b6301f
2015-10-19 19:27:46.260  INFO 15309 --- [    Test worker] o.s.mock.web.MockServletContext          : Initializing Spring FrameworkServlet ''
2015-10-19 19:27:46.260  INFO 15309 --- [    Test worker] o.s.t.web.servlet.TestDispatcherServlet  : FrameworkServlet '': initialization started
2015-10-19 19:27:46.261  INFO 15309 --- [    Test worker] o.s.t.web.servlet.TestDispatcherServlet  : FrameworkServlet '': initialization completed in 1 ms
2015-10-19 19:27:46.276  INFO 15309 --- [    Test worker] ilder$StaticRequestMappingHandlerMapping : Mapped "{[/SpringRestBooks/get/{idBook}],methods=[GET],produces=[application/json]}" onto public org.springframework.http.ResponseEntity<org.ramon.model.Book> org.ramon.controller.BooksController.getBook(java.lang.String)
2015-10-19 19:27:46.277  INFO 15309 --- [    Test worker] ilder$StaticRequestMappingHandlerMapping : Mapped "{[/SpringRestBooks/delete/{idBook}],methods=[DELETE],produces=[application/json]}" onto public org.springframework.http.ResponseEntity<org.ramon.model.Book> org.ramon.controller.BooksController.deleteBook(java.lang.String)
2015-10-19 19:27:46.277  INFO 15309 --- [    Test worker] ilder$StaticRequestMappingHandlerMapping : Mapped "{[/SpringRestBooks/list],methods=[GET],produces=[application/json]}" onto public java.util.List<org.ramon.model.Book> org.ramon.controller.BooksController.getAllBooks()
2015-10-19 19:27:46.277  INFO 15309 --- [    Test worker] ilder$StaticRequestMappingHandlerMapping : Mapped "{[/SpringRestBooks/listbyauthor/{authorName}],methods=[GET],produces=[application/json]}" onto public java.util.List<org.ramon.model.Book> org.ramon.controller.BooksController.getListByAuthor(java.lang.String)
2015-10-19 19:27:46.278  INFO 15309 --- [    Test worker] ilder$StaticRequestMappingHandlerMapping : Mapped "{[/SpringRestBooks/create],methods=[POST],consumes=[application/json],produces=[application/json]}" onto public org.springframework.http.ResponseEntity<org.ramon.model.Book> org.ramon.controller.BooksController.createBook(org.ramon.model.Book)
2015-10-19 19:27:46.278  INFO 15309 --- [    Test worker] ilder$StaticRequestMappingHandlerMapping : Mapped "{[/SpringRestBooks/update],methods=[PUT],consumes=[application/json],produces=[application/json]}" onto public org.springframework.http.ResponseEntity<org.ramon.model.Book> org.ramon.controller.BooksController.updateComputer(org.ramon.model.Book)
2015-10-19 19:27:46.289  INFO 15309 --- [    Test worker] s.w.s.m.m.a.RequestMappingHandlerAdapter : Looking for @ControllerAdvice: org.springframework.test.web.servlet.setup.StubWebApplicationContext@146932b2
2015-10-19 19:27:46.293  INFO 15309 --- [    Test worker] o.s.mock.web.MockServletContext          : Initializing Spring FrameworkServlet ''
2015-10-19 19:27:46.294  INFO 15309 --- [    Test worker] o.s.t.web.servlet.TestDispatcherServlet  : FrameworkServlet '': initialization started
2015-10-19 19:27:46.294  INFO 15309 --- [    Test worker] o.s.t.web.servlet.TestDispatcherServlet  : FrameworkServlet '': initialization completed in 0 ms
2015-10-19 19:27:46.361  INFO 15309 --- [    Test worker] ilder$StaticRequestMappingHandlerMapping : Mapped "{[/SpringRestBooks/get/{idBook}],methods=[GET],produces=[application/json]}" onto public org.springframework.http.ResponseEntity<org.ramon.model.Book> org.ramon.controller.BooksController.getBook(java.lang.String)
2015-10-19 19:27:46.362  INFO 15309 --- [    Test worker] ilder$StaticRequestMappingHandlerMapping : Mapped "{[/SpringRestBooks/delete/{idBook}],methods=[DELETE],produces=[application/json]}" onto public org.springframework.http.ResponseEntity<org.ramon.model.Book> org.ramon.controller.BooksController.deleteBook(java.lang.String)
2015-10-19 19:27:46.363  INFO 15309 --- [    Test worker] ilder$StaticRequestMappingHandlerMapping : Mapped "{[/SpringRestBooks/list],methods=[GET],produces=[application/json]}" onto public java.util.List<org.ramon.model.Book> org.ramon.controller.BooksController.getAllBooks()
2015-10-19 19:27:46.363  INFO 15309 --- [    Test worker] ilder$StaticRequestMappingHandlerMapping : Mapped "{[/SpringRestBooks/listbyauthor/{authorName}],methods=[GET],produces=[application/json]}" onto public java.util.List<org.ramon.model.Book> org.ramon.controller.BooksController.getListByAuthor(java.lang.String)
2015-10-19 19:27:46.363  INFO 15309 --- [    Test worker] ilder$StaticRequestMappingHandlerMapping : Mapped "{[/SpringRestBooks/create],methods=[POST],consumes=[application/json],produces=[application/json]}" onto public org.springframework.http.ResponseEntity<org.ramon.model.Book> org.ramon.controller.BooksController.createBook(org.ramon.model.Book)
2015-10-19 19:27:46.364  INFO 15309 --- [    Test worker] ilder$StaticRequestMappingHandlerMapping : Mapped "{[/SpringRestBooks/update],methods=[PUT],consumes=[application/json],produces=[application/json]}" onto public org.springframework.http.ResponseEntity<org.ramon.model.Book> org.ramon.controller.BooksController.updateComputer(org.ramon.model.Book)
2015-10-19 19:27:46.374  INFO 15309 --- [    Test worker] s.w.s.m.m.a.RequestMappingHandlerAdapter : Looking for @ControllerAdvice: org.springframework.test.web.servlet.setup.StubWebApplicationContext@6d4a49db
2015-10-19 19:27:46.378  INFO 15309 --- [    Test worker] o.s.mock.web.MockServletContext          : Initializing Spring FrameworkServlet ''
2015-10-19 19:27:46.379  INFO 15309 --- [    Test worker] o.s.t.web.servlet.TestDispatcherServlet  : FrameworkServlet '': initialization started
2015-10-19 19:27:46.379  INFO 15309 --- [    Test worker] o.s.t.web.servlet.TestDispatcherServlet  : FrameworkServlet '': initialization completed in 0 ms
2015-10-19 19:27:46.393  INFO 15309 --- [    Test worker] ilder$StaticRequestMappingHandlerMapping : Mapped "{[/SpringRestBooks/get/{idBook}],methods=[GET],produces=[application/json]}" onto public org.springframework.http.ResponseEntity<org.ramon.model.Book> org.ramon.controller.BooksController.getBook(java.lang.String)
2015-10-19 19:27:46.393  INFO 15309 --- [    Test worker] ilder$StaticRequestMappingHandlerMapping : Mapped "{[/SpringRestBooks/delete/{idBook}],methods=[DELETE],produces=[application/json]}" onto public org.springframework.http.ResponseEntity<org.ramon.model.Book> org.ramon.controller.BooksController.deleteBook(java.lang.String)
2015-10-19 19:27:46.394  INFO 15309 --- [    Test worker] ilder$StaticRequestMappingHandlerMapping : Mapped "{[/SpringRestBooks/list],methods=[GET],produces=[application/json]}" onto public java.util.List<org.ramon.model.Book> org.ramon.controller.BooksController.getAllBooks()
2015-10-19 19:27:46.394  INFO 15309 --- [    Test worker] ilder$StaticRequestMappingHandlerMapping : Mapped "{[/SpringRestBooks/listbyauthor/{authorName}],methods=[GET],produces=[application/json]}" onto public java.util.List<org.ramon.model.Book> org.ramon.controller.BooksController.getListByAuthor(java.lang.String)
2015-10-19 19:27:46.394  INFO 15309 --- [    Test worker] ilder$StaticRequestMappingHandlerMapping : Mapped "{[/SpringRestBooks/create],methods=[POST],consumes=[application/json],produces=[application/json]}" onto public org.springframework.http.ResponseEntity<org.ramon.model.Book> org.ramon.controller.BooksController.createBook(org.ramon.model.Book)
2015-10-19 19:27:46.395  INFO 15309 --- [    Test worker] ilder$StaticRequestMappingHandlerMapping : Mapped "{[/SpringRestBooks/update],methods=[PUT],consumes=[application/json],produces=[application/json]}" onto public org.springframework.http.ResponseEntity<org.ramon.model.Book> org.ramon.controller.BooksController.updateComputer(org.ramon.model.Book)
2015-10-19 19:27:46.405  INFO 15309 --- [    Test worker] s.w.s.m.m.a.RequestMappingHandlerAdapter : Looking for @ControllerAdvice: org.springframework.test.web.servlet.setup.StubWebApplicationContext@516875ab
2015-10-19 19:27:46.409  INFO 15309 --- [    Test worker] o.s.mock.web.MockServletContext          : Initializing Spring FrameworkServlet ''
2015-10-19 19:27:46.409  INFO 15309 --- [    Test worker] o.s.t.web.servlet.TestDispatcherServlet  : FrameworkServlet '': initialization started
2015-10-19 19:27:46.409  INFO 15309 --- [    Test worker] o.s.t.web.servlet.TestDispatcherServlet  : FrameworkServlet '': initialization completed in 0 ms
]]></system-out>
  <system-err><![CDATA[]]></system-err>
</testsuite>
