<?xml version="1.0" encoding="UTF-8"?>
<testsuite name="testController.testBooksDaoImpl" tests="4" skipped="0" failures="0" errors="0" timestamp="2015-10-21T22:11:44" hostname="ramon-Inspiron-5520" time="0.004">
  <properties/>
  <testcase name="testAddBook" classname="testController.testBooksDaoImpl" time="0.001"/>
  <testcase name="testUpdateBook" classname="testController.testBooksDaoImpl" time="0.001"/>
  <testcase name="testGetBook" classname="testController.testBooksDaoImpl" time="0.0"/>
  <testcase name="testDeleteBook" classname="testController.testBooksDaoImpl" time="0.002"/>
  <system-out><![CDATA[]]></system-out>
  <system-err><![CDATA[]]></system-err>
</testsuite>
